CONSTRUCCION AST DESCENDENTE
IMPRESION RECURSIVA
{
<type>
^
^
<struct>
{
<int>
x$f:6,c:11$
,
<bool>
y$f:7,c:16$
,
<real>
z$f:8,c:16$
,
<struct>
{
^
<int>
[
20
]$f:10,c:19$
[
30
]$f:10,c:23$
x$f:10,c:27$
,
<int>
y$f:11,c:22$
}
k$f:12,c:13$
}
[
20
]$f:13,c:7$
tRaro$f:13,c:11$
;
<type>
^
^
tRaro$f:14,c:9$
[
5
]$f:14,c:15$
[
10
]$f:14,c:18$
tRarito$f:14,c:22$
;
^
^
^
tRarito$f:15,c:4$
[
10
]$f:15,c:12$
[
10
]$f:15,c:16$
x$f:15,c:20$
;
<proc>
subprog$f:16,c:6$
(
<int>
x$f:16,c:18$
,
^
^
tRarito$f:16,c:23$
y$f:16,c:31$
,
<struct>
{
<int>
x$f:16,c:45$
,
^
tRarito$f:16,c:49$
y$f:16,c:57$
}
z$f:16,c:60$
)
{
^
^
tRarito$f:17,c:6$
k$f:17,c:14$
;
<proc>
u$f:18,c:9$
(
<int>
v$f:18,c:15$
,
<int>
[
98
]$f:18,c:22$
z$f:18,c:26$
)
{
}
&&
@
k$f:20,c:6$
.
c$f:20,c:8$
^$f:20,c:9$
.
x$f:20,c:11$
[$f:20,c:12$
e$f:20,c:13$
+$f:20,c:14$
e$f:20,c:15$
[$f:20,c:16$
x$f:20,c:17$
.
c$f:20,c:19$
]
]
.
y$f:20,c:23$
^$f:20,c:24$
[$f:20,c:25$
r$f:20,c:26$
]
%$f:20,c:29$
2$f:20,c:31$
;
<call>
u$f:21,c:9$
(
5$f:21,c:11$
,
5$f:21,c:14$
-$f:21,c:16$
5$f:21,c:18$
)
}
&&
<if>
x$f:24,c:4$
==$f:24,c:6$
34$f:24,c:9$
{
<if>
x$f:25,c:6$
<$f:25,c:8$
56$f:25,c:10$
{
@
x$f:26,c:8$
=$f:26,c:10$
x$f:26,c:12$
+$f:26,c:14$
1$f:26,c:16$
;
<while>
x$f:27,c:17$
<$f:27,c:19$
20$f:27,c:21$
{
<int>
x$f:28,c:16$
&&
@
x$f:30,c:14$
=$f:30,c:16$
2$f:30,c:18$
*$f:30,c:19$
x$f:30,c:20$
;
@
x$f:31,c:14$
=$f:31,c:16$
5$f:31,c:18$
}
}
<else>
{
<proc>
y$f:35,c:10$
(
)
{
}
&&
@
x$f:37,c:7$
=$f:37,c:9$
2$f:37,c:11$
*$f:37,c:13$
y$f:37,c:15$
;
<call>
y$f:38,c:14$
(
2$f:38,c:16$
*$f:38,c:17$
x$f:38,c:18$
+$f:38,c:20$
80$f:38,c:22$
,
45$f:38,c:26$
-$f:38,c:29$
x$f:38,c:31$
)
}
}
;
{
<int>
x$f:42,c:5$
&&
@
x$f:44,c:5$
;
<read>
x$f:45,c:8$
.
x$f:45,c:10$
;
<write>
x$f:46,c:9$
+$f:46,c:11$
67$f:46,c:13$
;
<delete>
x$f:47,c:10$
.
x$f:47,c:12$
[$f:47,c:13$
x$f:47,c:14$
]
;
<new>
u$f:48,c:7$
.
v$f:48,c:9$
[$f:48,c:10$
x$f:48,c:11$
]
;
<nl>
}
;
@
"una cadena!!!"$f:51,c:3$
+$f:51,c:19$
<null>$f:51,c:21$
;
<if>
5$f:52,c:4$
{
}
;
<if>
5$f:53,c:4$
{
}
<else>
{
}
;
<while>
5$f:54,c:7$
{
}
}
