Cuantas personas?[0-80]
Introduce los datos de la persona nº 1
Nombre?
Edad?
Introduce los datos de la persona nº 2
Nombre?
Edad?
Introduce los datos de la persona nº 3
Nombre?
Edad?
Introduce los datos de la persona nº 4
Nombre?
Edad?
Introduce los datos de la persona nº 5
Nombre?
Edad?
Introduce los datos de la persona nº 6
Nombre?
Edad?
Introduce los datos de la persona nº 7
Nombre?
Edad?
Introduce los datos de la persona nº 8
Nombre?
Edad?
Introduce los datos de la persona nº 9
Nombre?
Edad?
Introduce los datos de la persona nº 10
Nombre?
Edad?
nombre:Amparo edad:21
nombre:Camilo edad:23
nombre:Carlos edad:21
nombre:Creta edad:22
nombre:Javier edad:23
nombre:Jose edad:22
nombre:Marta edad:25
nombre:Rodrigo edad:20
nombre:Sancho edad:19
nombre:Virginia edad:26
